   1              		.cpu arm7tdmi
   2              		.fpu softvfp
   3              		.eabi_attribute 20, 1
   4              		.eabi_attribute 21, 1
   5              		.eabi_attribute 23, 3
   6              		.eabi_attribute 24, 1
   7              		.eabi_attribute 25, 1
   8              		.eabi_attribute 26, 1
   9              		.eabi_attribute 30, 2
  10              		.eabi_attribute 18, 4
  11              		.file	"led.c"
  21              	.Ltext0:
  22              		.file 1 "../led.c"
 1879              		.align	2
 1880              		.global	leds_on
 1882              	leds_on:
 1883              	.LFB0:
   1:../led.c      **** /*********************************************************************************************
   2:../led.c      **** * Fichero:		led.c
   3:../led.c      **** * Autor:
   4:../led.c      **** * Descrip:		funciones de control de los LED de la placa
   5:../led.c      **** * Version:
   6:../led.c      **** *********************************************************************************************/
   7:../led.c      **** 
   8:../led.c      **** /*--- ficheros de cabecera ---*/
   9:../led.c      **** #include "led.h"
  10:../led.c      **** #include "44b.h"
  11:../led.c      **** #include "44blib.h"
  12:../led.c      **** 
  13:../led.c      **** /*--- variables globales del módulo ---*/
  14:../led.c      **** static int led_state = 0;		/* estado del LED */
  15:../led.c      **** 
  16:../led.c      **** /*--- codigo de las funciones públicas ---*/
  17:../led.c      **** void leds_on()
  18:../led.c      **** {
 1884              		.loc 1 18 0
 1885              		.cfi_startproc
 1886              		@ Function supports interworking.
 1887              		@ args = 0, pretend = 0, frame = 0
 1888              		@ frame_needed = 0, uses_anonymous_args = 0
 1889              		@ link register save eliminated.
 1890              	.LVL0:
 1891              	.LBB4:
 1892              	.LBB5:
  19:../led.c      **** 	Led_Display(0x3);
  20:../led.c      **** }
  21:../led.c      **** 
  22:../led.c      **** void leds_off()
  23:../led.c      **** {
  24:../led.c      **** 	Led_Display(0x0);
  25:../led.c      **** }
  26:../led.c      **** 
  27:../led.c      **** void led1_on()
  28:../led.c      **** {
  29:../led.c      **** 	led_state = led_state | 0x1;
  30:../led.c      **** 	Led_Display(led_state);
  31:../led.c      **** }
  32:../led.c      **** 
  33:../led.c      **** void led1_off()
  34:../led.c      **** {
  35:../led.c      **** 	led_state = led_state & 0xfe;
  36:../led.c      **** 	Led_Display(led_state);
  37:../led.c      **** }
  38:../led.c      **** 
  39:../led.c      **** void led2_on()
  40:../led.c      **** {
  41:../led.c      **** 	led_state = led_state | 0x2;
  42:../led.c      **** 	Led_Display(led_state);
  43:../led.c      **** }
  44:../led.c      **** 
  45:../led.c      **** void led2_off()
  46:../led.c      **** {
  47:../led.c      **** 	led_state = led_state & 0xfd;
  48:../led.c      **** 	Led_Display(led_state);
  49:../led.c      **** }
  50:../led.c      **** 
  51:../led.c      **** void leds_switch()
  52:../led.c      **** {
  53:../led.c      **** 	led_state ^= 0x03;
  54:../led.c      **** 	Led_Display(led_state);
  55:../led.c      **** 
  56:../led.c      **** }
  57:../led.c      **** 
  58:../led.c      **** void Led_Display(int LedStatus)
  59:../led.c      **** {
  60:../led.c      **** 	led_state = LedStatus;
  61:../led.c      **** 
  62:../led.c      **** 	if ((LedStatus & 0x01) == 0x01)
  63:../led.c      **** 		rPDATB = rPDATB & 0x5ff; /* poner a 0 el bit 9 del puerto B */
 1893              		.loc 1 63 0
 1894 0000 2C309FE5 		ldr	r3, .L2
 1895 0004 2CC09FE5 		ldr	ip, .L2+4
 1896 0008 0C1093E5 		ldr	r1, [r3, #12]
 1897 000c 0C0001E0 		and	r0, r1, ip
 1898 0010 0C0083E5 		str	r0, [r3, #12]
  64:../led.c      **** 	else
  65:../led.c      **** 		rPDATB = rPDATB | 0x200; /* poner a 1 el bit 9 del puerto B */
  66:../led.c      **** 
  67:../led.c      **** 	if ((LedStatus & 0x02) == 0x02)
  68:../led.c      **** 		rPDATB = rPDATB & 0x3ff; /* poner a 0 el bit 10 del puerto B */
 1899              		.loc 1 68 0
 1900 0014 0C2093E5 		ldr	r2, [r3, #12]
  60:../led.c      **** 	led_state = LedStatus;
 1901              		.loc 1 60 0
 1902 0018 1C109FE5 		ldr	r1, .L2+8
 1903              		.loc 1 68 0
 1904 001c 02CBA0E1 		mov	ip, r2, asl #22
 1905 0020 2C2BA0E1 		mov	r2, ip, lsr #22
  60:../led.c      **** 	led_state = LedStatus;
 1906              		.loc 1 60 0
 1907 0024 0300A0E3 		mov	r0, #3
 1908 0028 000081E5 		str	r0, [r1, #0]
 1909              		.loc 1 68 0
 1910 002c 0C2083E5 		str	r2, [r3, #12]
 1911              	.LBE5:
 1912              	.LBE4:
  20:../led.c      **** }
 1913              		.loc 1 20 0
 1914 0030 1EFF2FE1 		bx	lr
 1915              	.L3:
 1916              		.align	2
 1917              	.L2:
 1918 0034 0000D201 		.word	30539776
 1919 0038 FF050000 		.word	1535
 1920 003c 00000000 		.word	.LANCHOR0
 1921              		.cfi_endproc
 1922              	.LFE0:
 1924              		.align	2
 1925              		.global	leds_off
 1927              	leds_off:
 1928              	.LFB1:
  23:../led.c      **** {
 1929              		.loc 1 23 0
 1930              		.cfi_startproc
 1931              		@ Function supports interworking.
 1932              		@ args = 0, pretend = 0, frame = 0
 1933              		@ frame_needed = 0, uses_anonymous_args = 0
 1934              		@ link register save eliminated.
 1935              	.LVL1:
 1936              	.LBB8:
 1937              	.LBB9:
  65:../led.c      **** 		rPDATB = rPDATB | 0x200; /* poner a 1 el bit 9 del puerto B */
 1938              		.loc 1 65 0
 1939 0040 24309FE5 		ldr	r3, .L5
 1940 0044 0C0093E5 		ldr	r0, [r3, #12]
 1941 0048 022C80E3 		orr	r2, r0, #512
 1942 004c 0C2083E5 		str	r2, [r3, #12]
  69:../led.c      **** 	else
  70:../led.c      **** 		rPDATB = rPDATB | 0x400; /* poner a 1 el bit 10 del puerto B */
 1943              		.loc 1 70 0
 1944 0050 0CC093E5 		ldr	ip, [r3, #12]
  60:../led.c      **** 	led_state = LedStatus;
 1945              		.loc 1 60 0
 1946 0054 14109FE5 		ldr	r1, .L5+4
 1947              		.loc 1 70 0
 1948 0058 012B8CE3 		orr	r2, ip, #1024
  60:../led.c      **** 	led_state = LedStatus;
 1949              		.loc 1 60 0
 1950 005c 0000A0E3 		mov	r0, #0
 1951 0060 000081E5 		str	r0, [r1, #0]
 1952              		.loc 1 70 0
 1953 0064 0C2083E5 		str	r2, [r3, #12]
 1954              	.LBE9:
 1955              	.LBE8:
  25:../led.c      **** }
 1956              		.loc 1 25 0
 1957 0068 1EFF2FE1 		bx	lr
 1958              	.L6:
 1959              		.align	2
 1960              	.L5:
 1961 006c 0000D201 		.word	30539776
 1962 0070 00000000 		.word	.LANCHOR0
 1963              		.cfi_endproc
 1964              	.LFE1:
 1966              		.align	2
 1967              		.global	led1_on
 1969              	led1_on:
 1970              	.LFB2:
  28:../led.c      **** {
 1971              		.loc 1 28 0
 1972              		.cfi_startproc
 1973              		@ Function supports interworking.
 1974              		@ args = 0, pretend = 0, frame = 0
 1975              		@ frame_needed = 0, uses_anonymous_args = 0
 1976              		@ link register save eliminated.
 1977              	.LBB12:
 1978              	.LBB15:
  63:../led.c      **** 		rPDATB = rPDATB & 0x5ff; /* poner a 0 el bit 9 del puerto B */
 1979              		.loc 1 63 0
 1980 0074 38309FE5 		ldr	r3, .L10
 1981              	.LBE15:
 1982              	.LBE12:
  29:../led.c      **** 	led_state = led_state | 0x1;
 1983              		.loc 1 29 0
 1984 0078 38109FE5 		ldr	r1, .L10+4
 1985              	.LBB18:
 1986              	.LBB14:
  63:../led.c      **** 		rPDATB = rPDATB & 0x5ff; /* poner a 0 el bit 9 del puerto B */
 1987              		.loc 1 63 0
 1988 007c 0CC093E5 		ldr	ip, [r3, #12]
 1989              	.LBE14:
 1990              	.LBE18:
  29:../led.c      **** 	led_state = led_state | 0x1;
 1991              		.loc 1 29 0
 1992 0080 000091E5 		ldr	r0, [r1, #0]
 1993              	.LBB19:
 1994              	.LBB16:
  63:../led.c      **** 		rPDATB = rPDATB & 0x5ff; /* poner a 0 el bit 9 del puerto B */
 1995              		.loc 1 63 0
 1996 0084 30209FE5 		ldr	r2, .L10+8
 1997              	.LBE16:
 1998              	.LBE19:
  29:../led.c      **** 	led_state = led_state | 0x1;
 1999              		.loc 1 29 0
 2000 0088 010080E3 		orr	r0, r0, #1
 2001              	.LBB20:
 2002              	.LBB13:
  63:../led.c      **** 		rPDATB = rPDATB & 0x5ff; /* poner a 0 el bit 9 del puerto B */
 2003              		.loc 1 63 0
 2004 008c 02C00CE0 		and	ip, ip, r2
 2005              	.LBE13:
 2006              	.LBE20:
  29:../led.c      **** 	led_state = led_state | 0x1;
 2007              		.loc 1 29 0
 2008 0090 000081E5 		str	r0, [r1, #0]
 2009              	.LBB21:
 2010              	.LBB17:
  63:../led.c      **** 		rPDATB = rPDATB & 0x5ff; /* poner a 0 el bit 9 del puerto B */
 2011              		.loc 1 63 0
 2012 0094 0CC083E5 		str	ip, [r3, #12]
  68:../led.c      **** 		rPDATB = rPDATB & 0x3ff; /* poner a 0 el bit 10 del puerto B */
 2013              		.loc 1 68 0
 2014 0098 0C2093E5 		ldr	r2, [r3, #12]
  67:../led.c      **** 	if ((LedStatus & 0x02) == 0x02)
 2015              		.loc 1 67 0
 2016 009c 020010E3 		tst	r0, #2
  68:../led.c      **** 		rPDATB = rPDATB & 0x3ff; /* poner a 0 el bit 10 del puerto B */
 2017              		.loc 1 68 0
 2018 00a0 022BA011 		movne	r2, r2, asl #22
 2019 00a4 222BA011 		movne	r2, r2, lsr #22
 2020              		.loc 1 70 0
 2021 00a8 012B8203 		orreq	r2, r2, #1024
 2022 00ac 0C2083E5 		str	r2, [r3, #12]
 2023 00b0 1EFF2FE1 		bx	lr
 2024              	.L11:
 2025              		.align	2
 2026              	.L10:
 2027 00b4 0000D201 		.word	30539776
 2028 00b8 00000000 		.word	.LANCHOR0
 2029 00bc FF050000 		.word	1535
 2030              	.LBE17:
 2031              	.LBE21:
 2032              		.cfi_endproc
 2033              	.LFE2:
 2035              		.align	2
 2036              		.global	led1_off
 2038              	led1_off:
 2039              	.LFB3:
  34:../led.c      **** {
 2040              		.loc 1 34 0
 2041              		.cfi_startproc
 2042              		@ Function supports interworking.
 2043              		@ args = 0, pretend = 0, frame = 0
 2044              		@ frame_needed = 0, uses_anonymous_args = 0
 2045              		@ link register save eliminated.
 2046              	.LBB24:
 2047              	.LBB26:
  65:../led.c      **** 		rPDATB = rPDATB | 0x200; /* poner a 1 el bit 9 del puerto B */
 2048              		.loc 1 65 0
 2049 00c0 34309FE5 		ldr	r3, .L15
 2050              	.LBE26:
 2051              	.LBE24:
  35:../led.c      **** 	led_state = led_state & 0xfe;
 2052              		.loc 1 35 0
 2053 00c4 34209FE5 		ldr	r2, .L15+4
 2054              	.LBB29:
 2055              	.LBB27:
  65:../led.c      **** 		rPDATB = rPDATB | 0x200; /* poner a 1 el bit 9 del puerto B */
 2056              		.loc 1 65 0
 2057 00c8 0C0093E5 		ldr	r0, [r3, #12]
 2058              	.LBE27:
 2059              	.LBE29:
  35:../led.c      **** 	led_state = led_state & 0xfe;
 2060              		.loc 1 35 0
 2061 00cc 001092E5 		ldr	r1, [r2, #0]
 2062              	.LBB30:
 2063              	.LBB25:
  65:../led.c      **** 		rPDATB = rPDATB | 0x200; /* poner a 1 el bit 9 del puerto B */
 2064              		.loc 1 65 0
 2065 00d0 020C80E3 		orr	r0, r0, #512
 2066              	.LBE25:
 2067              	.LBE30:
  35:../led.c      **** 	led_state = led_state & 0xfe;
 2068              		.loc 1 35 0
 2069 00d4 FEC001E2 		and	ip, r1, #254
 2070 00d8 00C082E5 		str	ip, [r2, #0]
 2071              	.LBB31:
 2072              	.LBB28:
  65:../led.c      **** 		rPDATB = rPDATB | 0x200; /* poner a 1 el bit 9 del puerto B */
 2073              		.loc 1 65 0
 2074 00dc 0C0083E5 		str	r0, [r3, #12]
  68:../led.c      **** 		rPDATB = rPDATB & 0x3ff; /* poner a 0 el bit 10 del puerto B */
 2075              		.loc 1 68 0
 2076 00e0 0C2093E5 		ldr	r2, [r3, #12]
  67:../led.c      **** 	if ((LedStatus & 0x02) == 0x02)
 2077              		.loc 1 67 0
 2078 00e4 020011E3 		tst	r1, #2
  68:../led.c      **** 		rPDATB = rPDATB & 0x3ff; /* poner a 0 el bit 10 del puerto B */
 2079              		.loc 1 68 0
 2080 00e8 022BA011 		movne	r2, r2, asl #22
 2081 00ec 222BA011 		movne	r2, r2, lsr #22
 2082              		.loc 1 70 0
 2083 00f0 012B8203 		orreq	r2, r2, #1024
 2084 00f4 0C2083E5 		str	r2, [r3, #12]
 2085 00f8 1EFF2FE1 		bx	lr
 2086              	.L16:
 2087              		.align	2
 2088              	.L15:
 2089 00fc 0000D201 		.word	30539776
 2090 0100 00000000 		.word	.LANCHOR0
 2091              	.LBE28:
 2092              	.LBE31:
 2093              		.cfi_endproc
 2094              	.LFE3:
 2096              		.align	2
 2097              		.global	led2_on
 2099              	led2_on:
 2100              	.LFB4:
  40:../led.c      **** {
 2101              		.loc 1 40 0
 2102              		.cfi_startproc
 2103              		@ Function supports interworking.
 2104              		@ args = 0, pretend = 0, frame = 0
 2105              		@ frame_needed = 0, uses_anonymous_args = 0
 2106              		@ link register save eliminated.
  41:../led.c      **** 	led_state = led_state | 0x2;
 2107              		.loc 1 41 0
 2108 0104 48309FE5 		ldr	r3, .L20
 2109 0108 002093E5 		ldr	r2, [r3, #0]
 2110 010c 02C082E3 		orr	ip, r2, #2
 2111              	.LBB34:
 2112              	.LBB35:
  62:../led.c      **** 	if ((LedStatus & 0x01) == 0x01)
 2113              		.loc 1 62 0
 2114 0110 01001CE3 		tst	ip, #1
 2115              	.LBE35:
 2116              	.LBE34:
  41:../led.c      **** 	led_state = led_state | 0x2;
 2117              		.loc 1 41 0
 2118 0114 00C083E5 		str	ip, [r3, #0]
 2119              	.LBB37:
 2120              	.LBB36:
  65:../led.c      **** 		rPDATB = rPDATB | 0x200; /* poner a 1 el bit 9 del puerto B */
 2121              		.loc 1 65 0
 2122 0118 38309F05 		ldreq	r3, .L20+4
  63:../led.c      **** 		rPDATB = rPDATB & 0x5ff; /* poner a 0 el bit 9 del puerto B */
 2123              		.loc 1 63 0
 2124 011c 34C09F15 		ldrne	ip, .L20+4
  65:../led.c      **** 		rPDATB = rPDATB | 0x200; /* poner a 1 el bit 9 del puerto B */
 2125              		.loc 1 65 0
 2126 0120 0CC09305 		ldreq	ip, [r3, #12]
  63:../led.c      **** 		rPDATB = rPDATB & 0x5ff; /* poner a 0 el bit 9 del puerto B */
 2127              		.loc 1 63 0
 2128 0124 0C109C15 		ldrne	r1, [ip, #12]
 2129 0128 2C309F15 		ldrne	r3, .L20+8
  65:../led.c      **** 		rPDATB = rPDATB | 0x200; /* poner a 1 el bit 9 del puerto B */
 2130              		.loc 1 65 0
 2131 012c 02CC8C03 		orreq	ip, ip, #512
  63:../led.c      **** 		rPDATB = rPDATB & 0x5ff; /* poner a 0 el bit 9 del puerto B */
 2132              		.loc 1 63 0
 2133 0130 03300110 		andne	r3, r1, r3
 2134 0134 0C308C15 		strne	r3, [ip, #12]
  65:../led.c      **** 		rPDATB = rPDATB | 0x200; /* poner a 1 el bit 9 del puerto B */
 2135              		.loc 1 65 0
 2136 0138 0CC08305 		streq	ip, [r3, #12]
  68:../led.c      **** 		rPDATB = rPDATB & 0x3ff; /* poner a 0 el bit 10 del puerto B */
 2137              		.loc 1 68 0
 2138 013c 14309FE5 		ldr	r3, .L20+4
 2139 0140 0C1093E5 		ldr	r1, [r3, #12]
 2140 0144 010BA0E1 		mov	r0, r1, asl #22
 2141 0148 202BA0E1 		mov	r2, r0, lsr #22
 2142 014c 0C2083E5 		str	r2, [r3, #12]
 2143              	.LBE36:
 2144              	.LBE37:
  43:../led.c      **** }
 2145              		.loc 1 43 0
 2146 0150 1EFF2FE1 		bx	lr
 2147              	.L21:
 2148              		.align	2
 2149              	.L20:
 2150 0154 00000000 		.word	.LANCHOR0
 2151 0158 0000D201 		.word	30539776
 2152 015c FF050000 		.word	1535
 2153              		.cfi_endproc
 2154              	.LFE4:
 2156              		.align	2
 2157              		.global	led2_off
 2159              	led2_off:
 2160              	.LFB5:
  46:../led.c      **** {
 2161              		.loc 1 46 0
 2162              		.cfi_startproc
 2163              		@ Function supports interworking.
 2164              		@ args = 0, pretend = 0, frame = 0
 2165              		@ frame_needed = 0, uses_anonymous_args = 0
 2166              		@ link register save eliminated.
  47:../led.c      **** 	led_state = led_state & 0xfd;
 2167              		.loc 1 47 0
 2168 0160 44209FE5 		ldr	r2, .L25
 2169 0164 00C092E5 		ldr	ip, [r2, #0]
 2170              	.LBB40:
 2171              	.LBB41:
  62:../led.c      **** 	if ((LedStatus & 0x01) == 0x01)
 2172              		.loc 1 62 0
 2173 0168 01001CE3 		tst	ip, #1
 2174              	.LBE41:
 2175              	.LBE40:
  47:../led.c      **** 	led_state = led_state & 0xfd;
 2176              		.loc 1 47 0
 2177 016c FD100CE2 		and	r1, ip, #253
 2178 0170 001082E5 		str	r1, [r2, #0]
 2179              	.LBB43:
 2180              	.LBB42:
  63:../led.c      **** 		rPDATB = rPDATB & 0x5ff; /* poner a 0 el bit 9 del puerto B */
 2181              		.loc 1 63 0
 2182 0174 34C09F15 		ldrne	ip, .L25+4
  65:../led.c      **** 		rPDATB = rPDATB | 0x200; /* poner a 1 el bit 9 del puerto B */
 2183              		.loc 1 65 0
 2184 0178 30209F05 		ldreq	r2, .L25+4
  63:../led.c      **** 		rPDATB = rPDATB & 0x5ff; /* poner a 0 el bit 9 del puerto B */
 2185              		.loc 1 63 0
 2186 017c 0C109C15 		ldrne	r1, [ip, #12]
  65:../led.c      **** 		rPDATB = rPDATB | 0x200; /* poner a 1 el bit 9 del puerto B */
 2187              		.loc 1 65 0
 2188 0180 0CC09205 		ldreq	ip, [r2, #12]
  63:../led.c      **** 		rPDATB = rPDATB & 0x5ff; /* poner a 0 el bit 9 del puerto B */
 2189              		.loc 1 63 0
 2190 0184 28209F15 		ldrne	r2, .L25+8
  65:../led.c      **** 		rPDATB = rPDATB | 0x200; /* poner a 1 el bit 9 del puerto B */
 2191              		.loc 1 65 0
 2192 0188 02CC8C03 		orreq	ip, ip, #512
  63:../led.c      **** 		rPDATB = rPDATB & 0x5ff; /* poner a 0 el bit 9 del puerto B */
 2193              		.loc 1 63 0
 2194 018c 02200110 		andne	r2, r1, r2
 2195 0190 0C208C15 		strne	r2, [ip, #12]
  65:../led.c      **** 		rPDATB = rPDATB | 0x200; /* poner a 1 el bit 9 del puerto B */
 2196              		.loc 1 65 0
 2197 0194 0CC08205 		streq	ip, [r2, #12]
 2198              		.loc 1 70 0
 2199 0198 10309FE5 		ldr	r3, .L25+4
 2200 019c 0C0093E5 		ldr	r0, [r3, #12]
 2201 01a0 012B80E3 		orr	r2, r0, #1024
 2202 01a4 0C2083E5 		str	r2, [r3, #12]
 2203              	.LBE42:
 2204              	.LBE43:
  49:../led.c      **** }
 2205              		.loc 1 49 0
 2206 01a8 1EFF2FE1 		bx	lr
 2207              	.L26:
 2208              		.align	2
 2209              	.L25:
 2210 01ac 00000000 		.word	.LANCHOR0
 2211 01b0 0000D201 		.word	30539776
 2212 01b4 FF050000 		.word	1535
 2213              		.cfi_endproc
 2214              	.LFE5:
 2216              		.align	2
 2217              		.global	leds_switch
 2219              	leds_switch:
 2220              	.LFB6:
  52:../led.c      **** {
 2221              		.loc 1 52 0
 2222              		.cfi_startproc
 2223              		@ Function supports interworking.
 2224              		@ args = 0, pretend = 0, frame = 0
 2225              		@ frame_needed = 0, uses_anonymous_args = 0
 2226              		@ link register save eliminated.
  53:../led.c      **** 	led_state ^= 0x03;
 2227              		.loc 1 53 0
 2228 01b8 50209FE5 		ldr	r2, .L32
 2229 01bc 003092E5 		ldr	r3, [r2, #0]
 2230 01c0 03C023E2 		eor	ip, r3, #3
 2231              	.LBB46:
 2232              	.LBB47:
  62:../led.c      **** 	if ((LedStatus & 0x01) == 0x01)
 2233              		.loc 1 62 0
 2234 01c4 01001CE3 		tst	ip, #1
 2235              	.LBE47:
 2236              	.LBE46:
  53:../led.c      **** 	led_state ^= 0x03;
 2237              		.loc 1 53 0
 2238 01c8 00C082E5 		str	ip, [r2, #0]
 2239              	.LVL2:
 2240              	.LBB49:
 2241              	.LBB48:
  63:../led.c      **** 		rPDATB = rPDATB & 0x5ff; /* poner a 0 el bit 9 del puerto B */
 2242              		.loc 1 63 0
 2243 01cc 40109F15 		ldrne	r1, .L32+4
  65:../led.c      **** 		rPDATB = rPDATB | 0x200; /* poner a 1 el bit 9 del puerto B */
 2244              		.loc 1 65 0
 2245 01d0 3C209F05 		ldreq	r2, .L32+4
  63:../led.c      **** 		rPDATB = rPDATB & 0x5ff; /* poner a 0 el bit 9 del puerto B */
 2246              		.loc 1 63 0
 2247 01d4 0C009115 		ldrne	r0, [r1, #12]
  65:../led.c      **** 		rPDATB = rPDATB | 0x200; /* poner a 1 el bit 9 del puerto B */
 2248              		.loc 1 65 0
 2249 01d8 0C109205 		ldreq	r1, [r2, #12]
  63:../led.c      **** 		rPDATB = rPDATB & 0x5ff; /* poner a 0 el bit 9 del puerto B */
 2250              		.loc 1 63 0
 2251 01dc 34209F15 		ldrne	r2, .L32+8
  65:../led.c      **** 		rPDATB = rPDATB | 0x200; /* poner a 1 el bit 9 del puerto B */
 2252              		.loc 1 65 0
 2253 01e0 021C8103 		orreq	r1, r1, #512
  63:../led.c      **** 		rPDATB = rPDATB & 0x5ff; /* poner a 0 el bit 9 del puerto B */
 2254              		.loc 1 63 0
 2255 01e4 02200010 		andne	r2, r0, r2
 2256 01e8 0C208115 		strne	r2, [r1, #12]
  65:../led.c      **** 		rPDATB = rPDATB | 0x200; /* poner a 1 el bit 9 del puerto B */
 2257              		.loc 1 65 0
 2258 01ec 0C108205 		streq	r1, [r2, #12]
  68:../led.c      **** 		rPDATB = rPDATB & 0x3ff; /* poner a 0 el bit 10 del puerto B */
 2259              		.loc 1 68 0
 2260 01f0 1C309FE5 		ldr	r3, .L32+4
 2261 01f4 0C2093E5 		ldr	r2, [r3, #12]
  67:../led.c      **** 	if ((LedStatus & 0x02) == 0x02)
 2262              		.loc 1 67 0
 2263 01f8 02001CE3 		tst	ip, #2
  68:../led.c      **** 		rPDATB = rPDATB & 0x3ff; /* poner a 0 el bit 10 del puerto B */
 2264              		.loc 1 68 0
 2265 01fc 022BA011 		movne	r2, r2, asl #22
 2266 0200 222BA011 		movne	r2, r2, lsr #22
 2267              		.loc 1 70 0
 2268 0204 012B8203 		orreq	r2, r2, #1024
 2269 0208 0C2083E5 		str	r2, [r3, #12]
 2270 020c 1EFF2FE1 		bx	lr
 2271              	.L33:
 2272              		.align	2
 2273              	.L32:
 2274 0210 00000000 		.word	.LANCHOR0
 2275 0214 0000D201 		.word	30539776
 2276 0218 FF050000 		.word	1535
 2277              	.LBE48:
 2278              	.LBE49:
 2279              		.cfi_endproc
 2280              	.LFE6:
 2282              		.align	2
 2283              		.global	Led_Display
 2285              	Led_Display:
 2286              	.LFB7:
  59:../led.c      **** {
 2287              		.loc 1 59 0
 2288              		.cfi_startproc
 2289              		@ Function supports interworking.
 2290              		@ args = 0, pretend = 0, frame = 0
 2291              		@ frame_needed = 0, uses_anonymous_args = 0
 2292              		@ link register save eliminated.
 2293              	.LVL3:
  60:../led.c      **** 	led_state = LedStatus;
 2294              		.loc 1 60 0
 2295 021c 48C09FE5 		ldr	ip, .L39
  62:../led.c      **** 	if ((LedStatus & 0x01) == 0x01)
 2296              		.loc 1 62 0
 2297 0220 010010E3 		tst	r0, #1
  60:../led.c      **** 	led_state = LedStatus;
 2298              		.loc 1 60 0
 2299 0224 00008CE5 		str	r0, [ip, #0]
  63:../led.c      **** 		rPDATB = rPDATB & 0x5ff; /* poner a 0 el bit 9 del puerto B */
 2300              		.loc 1 63 0
 2301 0228 40209F15 		ldrne	r2, .L39+4
  65:../led.c      **** 		rPDATB = rPDATB | 0x200; /* poner a 1 el bit 9 del puerto B */
 2302              		.loc 1 65 0
 2303 022c 3CC09F05 		ldreq	ip, .L39+4
  63:../led.c      **** 		rPDATB = rPDATB & 0x5ff; /* poner a 0 el bit 9 del puerto B */
 2304              		.loc 1 63 0
 2305 0230 0C109215 		ldrne	r1, [r2, #12]
  65:../led.c      **** 		rPDATB = rPDATB | 0x200; /* poner a 1 el bit 9 del puerto B */
 2306              		.loc 1 65 0
 2307 0234 0C209C05 		ldreq	r2, [ip, #12]
  63:../led.c      **** 		rPDATB = rPDATB & 0x5ff; /* poner a 0 el bit 9 del puerto B */
 2308              		.loc 1 63 0
 2309 0238 34C09F15 		ldrne	ip, .L39+8
  65:../led.c      **** 		rPDATB = rPDATB | 0x200; /* poner a 1 el bit 9 del puerto B */
 2310              		.loc 1 65 0
 2311 023c 022C8203 		orreq	r2, r2, #512
  63:../led.c      **** 		rPDATB = rPDATB & 0x5ff; /* poner a 0 el bit 9 del puerto B */
 2312              		.loc 1 63 0
 2313 0240 0CC00110 		andne	ip, r1, ip
 2314 0244 0CC08215 		strne	ip, [r2, #12]
  65:../led.c      **** 		rPDATB = rPDATB | 0x200; /* poner a 1 el bit 9 del puerto B */
 2315              		.loc 1 65 0
 2316 0248 0C208C05 		streq	r2, [ip, #12]
  68:../led.c      **** 		rPDATB = rPDATB & 0x3ff; /* poner a 0 el bit 10 del puerto B */
 2317              		.loc 1 68 0
 2318 024c 1C309FE5 		ldr	r3, .L39+4
 2319 0250 0C2093E5 		ldr	r2, [r3, #12]
  67:../led.c      **** 	if ((LedStatus & 0x02) == 0x02)
 2320              		.loc 1 67 0
 2321 0254 020010E3 		tst	r0, #2
  68:../led.c      **** 		rPDATB = rPDATB & 0x3ff; /* poner a 0 el bit 10 del puerto B */
 2322              		.loc 1 68 0
 2323 0258 022BA011 		movne	r2, r2, asl #22
 2324 025c 222BA011 		movne	r2, r2, lsr #22
 2325              		.loc 1 70 0
 2326 0260 012B8203 		orreq	r2, r2, #1024
 2327 0264 0C2083E5 		str	r2, [r3, #12]
 2328 0268 1EFF2FE1 		bx	lr
 2329              	.L40:
 2330              		.align	2
 2331              	.L39:
 2332 026c 00000000 		.word	.LANCHOR0
 2333 0270 0000D201 		.word	30539776
 2334 0274 FF050000 		.word	1535
 2335              		.cfi_endproc
 2336              	.LFE7:
 2338              		.bss
 2339              		.align	2
 2340              		.set	.LANCHOR0,. + 0
 2343              	led_state:
 2344 0000 00000000 		.space	4
 2345              		.text
 2346              	.Letext0:
DEFINED SYMBOLS
                            *ABS*:00000000 led.c
C:\Users\danie\AppData\Local\Temp\cc8gycdG.s:1879   .text:00000000 $a
C:\Users\danie\AppData\Local\Temp\cc8gycdG.s:1882   .text:00000000 leds_on
C:\Users\danie\AppData\Local\Temp\cc8gycdG.s:1918   .text:00000034 $d
C:\Users\danie\AppData\Local\Temp\cc8gycdG.s:1924   .text:00000040 $a
C:\Users\danie\AppData\Local\Temp\cc8gycdG.s:1927   .text:00000040 leds_off
C:\Users\danie\AppData\Local\Temp\cc8gycdG.s:1961   .text:0000006c $d
C:\Users\danie\AppData\Local\Temp\cc8gycdG.s:1966   .text:00000074 $a
C:\Users\danie\AppData\Local\Temp\cc8gycdG.s:1969   .text:00000074 led1_on
C:\Users\danie\AppData\Local\Temp\cc8gycdG.s:2027   .text:000000b4 $d
C:\Users\danie\AppData\Local\Temp\cc8gycdG.s:2035   .text:000000c0 $a
C:\Users\danie\AppData\Local\Temp\cc8gycdG.s:2038   .text:000000c0 led1_off
C:\Users\danie\AppData\Local\Temp\cc8gycdG.s:2089   .text:000000fc $d
C:\Users\danie\AppData\Local\Temp\cc8gycdG.s:2096   .text:00000104 $a
C:\Users\danie\AppData\Local\Temp\cc8gycdG.s:2099   .text:00000104 led2_on
C:\Users\danie\AppData\Local\Temp\cc8gycdG.s:2150   .text:00000154 $d
C:\Users\danie\AppData\Local\Temp\cc8gycdG.s:2156   .text:00000160 $a
C:\Users\danie\AppData\Local\Temp\cc8gycdG.s:2159   .text:00000160 led2_off
C:\Users\danie\AppData\Local\Temp\cc8gycdG.s:2210   .text:000001ac $d
C:\Users\danie\AppData\Local\Temp\cc8gycdG.s:2216   .text:000001b8 $a
C:\Users\danie\AppData\Local\Temp\cc8gycdG.s:2219   .text:000001b8 leds_switch
C:\Users\danie\AppData\Local\Temp\cc8gycdG.s:2274   .text:00000210 $d
C:\Users\danie\AppData\Local\Temp\cc8gycdG.s:2282   .text:0000021c $a
C:\Users\danie\AppData\Local\Temp\cc8gycdG.s:2285   .text:0000021c Led_Display
C:\Users\danie\AppData\Local\Temp\cc8gycdG.s:2332   .text:0000026c $d
C:\Users\danie\AppData\Local\Temp\cc8gycdG.s:2339   .bss:00000000 $d
C:\Users\danie\AppData\Local\Temp\cc8gycdG.s:2343   .bss:00000000 led_state
                     .debug_frame:00000010 $d

NO UNDEFINED SYMBOLS
