   1              		.cpu arm7tdmi
   2              		.fpu softvfp
   3              		.eabi_attribute 20, 1
   4              		.eabi_attribute 21, 1
   5              		.eabi_attribute 23, 3
   6              		.eabi_attribute 24, 1
   7              		.eabi_attribute 25, 1
   8              		.eabi_attribute 26, 1
   9              		.eabi_attribute 30, 6
  10              		.eabi_attribute 18, 4
  11              		.file	"led.c"
  21              	.Ltext0:
  22              		.file 1 "../led.c"
 1879              		.align	2
 1880              	led_state:
 1881 0000 00000000 		.space	4
 1882              		.text
 1883              		.align	2
 1884              		.global	leds_on
 1886              	leds_on:
 1887              	.LFB0:
   1:../led.c      **** /*********************************************************************************************
   2:../led.c      **** * Fichero:		led.c
   3:../led.c      **** * Autor:
   4:../led.c      **** * Descrip:		funciones de control de los LED de la placa
   5:../led.c      **** * Version:
   6:../led.c      **** *********************************************************************************************/
   7:../led.c      **** 
   8:../led.c      **** /*--- ficheros de cabecera ---*/
   9:../led.c      **** #include "led.h"
  10:../led.c      **** #include "44b.h"
  11:../led.c      **** #include "44blib.h"
  12:../led.c      **** 
  13:../led.c      **** /*--- variables globales del módulo ---*/
  14:../led.c      **** static int led_state = 0;		/* estado del LED */
  15:../led.c      **** 
  16:../led.c      **** /*--- codigo de las funciones públicas ---*/
  17:../led.c      **** void leds_on()
  18:../led.c      **** {
 1888              		.loc 1 18 0
 1889              		.cfi_startproc
 1890              		@ Function supports interworking.
 1891              		@ args = 0, pretend = 0, frame = 0
 1892              		@ frame_needed = 1, uses_anonymous_args = 0
 1893 0000 0DC0A0E1 		mov	ip, sp
 1894              	.LCFI0:
 1895              		.cfi_def_cfa_register 12
 1896 0004 00D82DE9 		stmfd	sp!, {fp, ip, lr, pc}
 1897 0008 04B04CE2 		sub	fp, ip, #4
 1898              		.cfi_offset 14, -8
 1899              		.cfi_offset 13, -12
 1900              		.cfi_offset 11, -16
 1901              	.LCFI1:
 1902              		.cfi_def_cfa 11, 4
  19:../led.c      **** 	Led_Display(0x3);
 1903              		.loc 1 19 0
 1904 000c 0300A0E3 		mov	r0, #3
 1905 0010 FEFFFFEB 		bl	Led_Display
  20:../led.c      **** }
 1906              		.loc 1 20 0
 1907 0014 0CD04BE2 		sub	sp, fp, #12
 1908 0018 00689DE8 		ldmfd	sp, {fp, sp, lr}
 1909 001c 1EFF2FE1 		bx	lr
 1910              		.cfi_endproc
 1911              	.LFE0:
 1913              		.align	2
 1914              		.global	leds_off
 1916              	leds_off:
 1917              	.LFB1:
  21:../led.c      **** 
  22:../led.c      **** void leds_off()
  23:../led.c      **** {
 1918              		.loc 1 23 0
 1919              		.cfi_startproc
 1920              		@ Function supports interworking.
 1921              		@ args = 0, pretend = 0, frame = 0
 1922              		@ frame_needed = 1, uses_anonymous_args = 0
 1923 0020 0DC0A0E1 		mov	ip, sp
 1924              	.LCFI2:
 1925              		.cfi_def_cfa_register 12
 1926 0024 00D82DE9 		stmfd	sp!, {fp, ip, lr, pc}
 1927 0028 04B04CE2 		sub	fp, ip, #4
 1928              		.cfi_offset 14, -8
 1929              		.cfi_offset 13, -12
 1930              		.cfi_offset 11, -16
 1931              	.LCFI3:
 1932              		.cfi_def_cfa 11, 4
  24:../led.c      **** 	Led_Display(0x0);
 1933              		.loc 1 24 0
 1934 002c 0000A0E3 		mov	r0, #0
 1935 0030 FEFFFFEB 		bl	Led_Display
  25:../led.c      **** }
 1936              		.loc 1 25 0
 1937 0034 0CD04BE2 		sub	sp, fp, #12
 1938 0038 00689DE8 		ldmfd	sp, {fp, sp, lr}
 1939 003c 1EFF2FE1 		bx	lr
 1940              		.cfi_endproc
 1941              	.LFE1:
 1943              		.align	2
 1944              		.global	led1_on
 1946              	led1_on:
 1947              	.LFB2:
  26:../led.c      **** 
  27:../led.c      **** void led1_on()
  28:../led.c      **** {
 1948              		.loc 1 28 0
 1949              		.cfi_startproc
 1950              		@ Function supports interworking.
 1951              		@ args = 0, pretend = 0, frame = 0
 1952              		@ frame_needed = 1, uses_anonymous_args = 0
 1953 0040 0DC0A0E1 		mov	ip, sp
 1954              	.LCFI4:
 1955              		.cfi_def_cfa_register 12
 1956 0044 00D82DE9 		stmfd	sp!, {fp, ip, lr, pc}
 1957 0048 04B04CE2 		sub	fp, ip, #4
 1958              		.cfi_offset 14, -8
 1959              		.cfi_offset 13, -12
 1960              		.cfi_offset 11, -16
 1961              	.LCFI5:
 1962              		.cfi_def_cfa 11, 4
  29:../led.c      **** 	led_state = led_state | 0x1;
 1963              		.loc 1 29 0
 1964 004c 28309FE5 		ldr	r3, .L4
 1965 0050 003093E5 		ldr	r3, [r3, #0]
 1966 0054 012083E3 		orr	r2, r3, #1
 1967 0058 1C309FE5 		ldr	r3, .L4
 1968 005c 002083E5 		str	r2, [r3, #0]
  30:../led.c      **** 	Led_Display(led_state);
 1969              		.loc 1 30 0
 1970 0060 14309FE5 		ldr	r3, .L4
 1971 0064 003093E5 		ldr	r3, [r3, #0]
 1972 0068 0300A0E1 		mov	r0, r3
 1973 006c FEFFFFEB 		bl	Led_Display
  31:../led.c      **** }
 1974              		.loc 1 31 0
 1975 0070 0CD04BE2 		sub	sp, fp, #12
 1976 0074 00689DE8 		ldmfd	sp, {fp, sp, lr}
 1977 0078 1EFF2FE1 		bx	lr
 1978              	.L5:
 1979              		.align	2
 1980              	.L4:
 1981 007c 00000000 		.word	led_state
 1982              		.cfi_endproc
 1983              	.LFE2:
 1985              		.align	2
 1986              		.global	led1_off
 1988              	led1_off:
 1989              	.LFB3:
  32:../led.c      **** 
  33:../led.c      **** void led1_off()
  34:../led.c      **** {
 1990              		.loc 1 34 0
 1991              		.cfi_startproc
 1992              		@ Function supports interworking.
 1993              		@ args = 0, pretend = 0, frame = 0
 1994              		@ frame_needed = 1, uses_anonymous_args = 0
 1995 0080 0DC0A0E1 		mov	ip, sp
 1996              	.LCFI6:
 1997              		.cfi_def_cfa_register 12
 1998 0084 00D82DE9 		stmfd	sp!, {fp, ip, lr, pc}
 1999 0088 04B04CE2 		sub	fp, ip, #4
 2000              		.cfi_offset 14, -8
 2001              		.cfi_offset 13, -12
 2002              		.cfi_offset 11, -16
 2003              	.LCFI7:
 2004              		.cfi_def_cfa 11, 4
  35:../led.c      **** 	led_state = led_state & 0xfe;
 2005              		.loc 1 35 0
 2006 008c 28309FE5 		ldr	r3, .L7
 2007 0090 003093E5 		ldr	r3, [r3, #0]
 2008 0094 FE2003E2 		and	r2, r3, #254
 2009 0098 1C309FE5 		ldr	r3, .L7
 2010 009c 002083E5 		str	r2, [r3, #0]
  36:../led.c      **** 	Led_Display(led_state);
 2011              		.loc 1 36 0
 2012 00a0 14309FE5 		ldr	r3, .L7
 2013 00a4 003093E5 		ldr	r3, [r3, #0]
 2014 00a8 0300A0E1 		mov	r0, r3
 2015 00ac FEFFFFEB 		bl	Led_Display
  37:../led.c      **** }
 2016              		.loc 1 37 0
 2017 00b0 0CD04BE2 		sub	sp, fp, #12
 2018 00b4 00689DE8 		ldmfd	sp, {fp, sp, lr}
 2019 00b8 1EFF2FE1 		bx	lr
 2020              	.L8:
 2021              		.align	2
 2022              	.L7:
 2023 00bc 00000000 		.word	led_state
 2024              		.cfi_endproc
 2025              	.LFE3:
 2027              		.align	2
 2028              		.global	led2_on
 2030              	led2_on:
 2031              	.LFB4:
  38:../led.c      **** 
  39:../led.c      **** void led2_on()
  40:../led.c      **** {
 2032              		.loc 1 40 0
 2033              		.cfi_startproc
 2034              		@ Function supports interworking.
 2035              		@ args = 0, pretend = 0, frame = 0
 2036              		@ frame_needed = 1, uses_anonymous_args = 0
 2037 00c0 0DC0A0E1 		mov	ip, sp
 2038              	.LCFI8:
 2039              		.cfi_def_cfa_register 12
 2040 00c4 00D82DE9 		stmfd	sp!, {fp, ip, lr, pc}
 2041 00c8 04B04CE2 		sub	fp, ip, #4
 2042              		.cfi_offset 14, -8
 2043              		.cfi_offset 13, -12
 2044              		.cfi_offset 11, -16
 2045              	.LCFI9:
 2046              		.cfi_def_cfa 11, 4
  41:../led.c      **** 	led_state = led_state | 0x2;
 2047              		.loc 1 41 0
 2048 00cc 28309FE5 		ldr	r3, .L10
 2049 00d0 003093E5 		ldr	r3, [r3, #0]
 2050 00d4 022083E3 		orr	r2, r3, #2
 2051 00d8 1C309FE5 		ldr	r3, .L10
 2052 00dc 002083E5 		str	r2, [r3, #0]
  42:../led.c      **** 	Led_Display(led_state);
 2053              		.loc 1 42 0
 2054 00e0 14309FE5 		ldr	r3, .L10
 2055 00e4 003093E5 		ldr	r3, [r3, #0]
 2056 00e8 0300A0E1 		mov	r0, r3
 2057 00ec FEFFFFEB 		bl	Led_Display
  43:../led.c      **** }
 2058              		.loc 1 43 0
 2059 00f0 0CD04BE2 		sub	sp, fp, #12
 2060 00f4 00689DE8 		ldmfd	sp, {fp, sp, lr}
 2061 00f8 1EFF2FE1 		bx	lr
 2062              	.L11:
 2063              		.align	2
 2064              	.L10:
 2065 00fc 00000000 		.word	led_state
 2066              		.cfi_endproc
 2067              	.LFE4:
 2069              		.align	2
 2070              		.global	led2_off
 2072              	led2_off:
 2073              	.LFB5:
  44:../led.c      **** 
  45:../led.c      **** void led2_off()
  46:../led.c      **** {
 2074              		.loc 1 46 0
 2075              		.cfi_startproc
 2076              		@ Function supports interworking.
 2077              		@ args = 0, pretend = 0, frame = 0
 2078              		@ frame_needed = 1, uses_anonymous_args = 0
 2079 0100 0DC0A0E1 		mov	ip, sp
 2080              	.LCFI10:
 2081              		.cfi_def_cfa_register 12
 2082 0104 00D82DE9 		stmfd	sp!, {fp, ip, lr, pc}
 2083 0108 04B04CE2 		sub	fp, ip, #4
 2084              		.cfi_offset 14, -8
 2085              		.cfi_offset 13, -12
 2086              		.cfi_offset 11, -16
 2087              	.LCFI11:
 2088              		.cfi_def_cfa 11, 4
  47:../led.c      **** 	led_state = led_state & 0xfd;
 2089              		.loc 1 47 0
 2090 010c 28309FE5 		ldr	r3, .L13
 2091 0110 003093E5 		ldr	r3, [r3, #0]
 2092 0114 FD2003E2 		and	r2, r3, #253
 2093 0118 1C309FE5 		ldr	r3, .L13
 2094 011c 002083E5 		str	r2, [r3, #0]
  48:../led.c      **** 	Led_Display(led_state);
 2095              		.loc 1 48 0
 2096 0120 14309FE5 		ldr	r3, .L13
 2097 0124 003093E5 		ldr	r3, [r3, #0]
 2098 0128 0300A0E1 		mov	r0, r3
 2099 012c FEFFFFEB 		bl	Led_Display
  49:../led.c      **** }
 2100              		.loc 1 49 0
 2101 0130 0CD04BE2 		sub	sp, fp, #12
 2102 0134 00689DE8 		ldmfd	sp, {fp, sp, lr}
 2103 0138 1EFF2FE1 		bx	lr
 2104              	.L14:
 2105              		.align	2
 2106              	.L13:
 2107 013c 00000000 		.word	led_state
 2108              		.cfi_endproc
 2109              	.LFE5:
 2111              		.align	2
 2112              		.global	leds_switch
 2114              	leds_switch:
 2115              	.LFB6:
  50:../led.c      **** 
  51:../led.c      **** void leds_switch()
  52:../led.c      **** {
 2116              		.loc 1 52 0
 2117              		.cfi_startproc
 2118              		@ Function supports interworking.
 2119              		@ args = 0, pretend = 0, frame = 0
 2120              		@ frame_needed = 1, uses_anonymous_args = 0
 2121 0140 0DC0A0E1 		mov	ip, sp
 2122              	.LCFI12:
 2123              		.cfi_def_cfa_register 12
 2124 0144 00D82DE9 		stmfd	sp!, {fp, ip, lr, pc}
 2125 0148 04B04CE2 		sub	fp, ip, #4
 2126              		.cfi_offset 14, -8
 2127              		.cfi_offset 13, -12
 2128              		.cfi_offset 11, -16
 2129              	.LCFI13:
 2130              		.cfi_def_cfa 11, 4
  53:../led.c      **** 	led_state ^= 0x03;
 2131              		.loc 1 53 0
 2132 014c 28309FE5 		ldr	r3, .L16
 2133 0150 003093E5 		ldr	r3, [r3, #0]
 2134 0154 032023E2 		eor	r2, r3, #3
 2135 0158 1C309FE5 		ldr	r3, .L16
 2136 015c 002083E5 		str	r2, [r3, #0]
  54:../led.c      **** 	Led_Display(led_state);
 2137              		.loc 1 54 0
 2138 0160 14309FE5 		ldr	r3, .L16
 2139 0164 003093E5 		ldr	r3, [r3, #0]
 2140 0168 0300A0E1 		mov	r0, r3
 2141 016c FEFFFFEB 		bl	Led_Display
  55:../led.c      **** 
  56:../led.c      **** }
 2142              		.loc 1 56 0
 2143 0170 0CD04BE2 		sub	sp, fp, #12
 2144 0174 00689DE8 		ldmfd	sp, {fp, sp, lr}
 2145 0178 1EFF2FE1 		bx	lr
 2146              	.L17:
 2147              		.align	2
 2148              	.L16:
 2149 017c 00000000 		.word	led_state
 2150              		.cfi_endproc
 2151              	.LFE6:
 2153              		.align	2
 2154              		.global	Led_Display
 2156              	Led_Display:
 2157              	.LFB7:
  57:../led.c      **** 
  58:../led.c      **** void Led_Display(int LedStatus)
  59:../led.c      **** {
 2158              		.loc 1 59 0
 2159              		.cfi_startproc
 2160              		@ Function supports interworking.
 2161              		@ args = 0, pretend = 0, frame = 8
 2162              		@ frame_needed = 1, uses_anonymous_args = 0
 2163 0180 0DC0A0E1 		mov	ip, sp
 2164              	.LCFI14:
 2165              		.cfi_def_cfa_register 12
 2166 0184 00D82DE9 		stmfd	sp!, {fp, ip, lr, pc}
 2167 0188 04B04CE2 		sub	fp, ip, #4
 2168              		.cfi_offset 14, -8
 2169              		.cfi_offset 13, -12
 2170              		.cfi_offset 11, -16
 2171              	.LCFI15:
 2172              		.cfi_def_cfa 11, 4
 2173 018c 08D04DE2 		sub	sp, sp, #8
 2174 0190 10000BE5 		str	r0, [fp, #-16]
  60:../led.c      **** 	led_state = LedStatus;
 2175              		.loc 1 60 0
 2176 0194 94309FE5 		ldr	r3, .L23
 2177 0198 10201BE5 		ldr	r2, [fp, #-16]
 2178 019c 002083E5 		str	r2, [r3, #0]
  61:../led.c      **** 
  62:../led.c      **** 	if ((LedStatus & 0x01) == 0x01)
 2179              		.loc 1 62 0
 2180 01a0 10301BE5 		ldr	r3, [fp, #-16]
 2181 01a4 013003E2 		and	r3, r3, #1
 2182 01a8 FF3003E2 		and	r3, r3, #255
 2183 01ac 000053E3 		cmp	r3, #0
 2184 01b0 0600000A 		beq	.L19
  63:../led.c      **** 		rPDATB = rPDATB & 0x5ff; /* poner a 0 el bit 9 del puerto B */
 2185              		.loc 1 63 0
 2186 01b4 78209FE5 		ldr	r2, .L23+4
 2187 01b8 74309FE5 		ldr	r3, .L23+4
 2188 01bc 001093E5 		ldr	r1, [r3, #0]
 2189 01c0 70309FE5 		ldr	r3, .L23+8
 2190 01c4 033001E0 		and	r3, r1, r3
 2191 01c8 003082E5 		str	r3, [r2, #0]
 2192 01cc 040000EA 		b	.L20
 2193              	.L19:
  64:../led.c      **** 	else
  65:../led.c      **** 		rPDATB = rPDATB | 0x200; /* poner a 1 el bit 9 del puerto B */
 2194              		.loc 1 65 0
 2195 01d0 5C309FE5 		ldr	r3, .L23+4
 2196 01d4 58209FE5 		ldr	r2, .L23+4
 2197 01d8 002092E5 		ldr	r2, [r2, #0]
 2198 01dc 022C82E3 		orr	r2, r2, #512
 2199 01e0 002083E5 		str	r2, [r3, #0]
 2200              	.L20:
  66:../led.c      **** 
  67:../led.c      **** 	if ((LedStatus & 0x02) == 0x02)
 2201              		.loc 1 67 0
 2202 01e4 10301BE5 		ldr	r3, [fp, #-16]
 2203 01e8 023003E2 		and	r3, r3, #2
 2204 01ec 000053E3 		cmp	r3, #0
 2205 01f0 0600000A 		beq	.L21
  68:../led.c      **** 		rPDATB = rPDATB & 0x3ff; /* poner a 0 el bit 10 del puerto B */
 2206              		.loc 1 68 0
 2207 01f4 38209FE5 		ldr	r2, .L23+4
 2208 01f8 34309FE5 		ldr	r3, .L23+4
 2209 01fc 003093E5 		ldr	r3, [r3, #0]
 2210 0200 033BA0E1 		mov	r3, r3, asl #22
 2211 0204 233BA0E1 		mov	r3, r3, lsr #22
 2212 0208 003082E5 		str	r3, [r2, #0]
 2213 020c 040000EA 		b	.L18
 2214              	.L21:
  69:../led.c      **** 	else
  70:../led.c      **** 		rPDATB = rPDATB | 0x400; /* poner a 1 el bit 10 del puerto B */
 2215              		.loc 1 70 0
 2216 0210 1C309FE5 		ldr	r3, .L23+4
 2217 0214 18209FE5 		ldr	r2, .L23+4
 2218 0218 002092E5 		ldr	r2, [r2, #0]
 2219 021c 012B82E3 		orr	r2, r2, #1024
 2220 0220 002083E5 		str	r2, [r3, #0]
 2221              	.L18:
  71:../led.c      **** }
 2222              		.loc 1 71 0
 2223 0224 0CD04BE2 		sub	sp, fp, #12
 2224 0228 00689DE8 		ldmfd	sp, {fp, sp, lr}
 2225 022c 1EFF2FE1 		bx	lr
 2226              	.L24:
 2227              		.align	2
 2228              	.L23:
 2229 0230 00000000 		.word	led_state
 2230 0234 0C00D201 		.word	30539788
 2231 0238 FF050000 		.word	1535
 2232              		.cfi_endproc
 2233              	.LFE7:
 2235              	.Letext0:
DEFINED SYMBOLS
                            *ABS*:00000000 led.c
C:\Users\danie\AppData\Local\Temp\cceKMYBa.s:1879   .bss:00000000 $d
C:\Users\danie\AppData\Local\Temp\cceKMYBa.s:1880   .bss:00000000 led_state
C:\Users\danie\AppData\Local\Temp\cceKMYBa.s:1883   .text:00000000 $a
C:\Users\danie\AppData\Local\Temp\cceKMYBa.s:1886   .text:00000000 leds_on
C:\Users\danie\AppData\Local\Temp\cceKMYBa.s:2156   .text:00000180 Led_Display
C:\Users\danie\AppData\Local\Temp\cceKMYBa.s:1916   .text:00000020 leds_off
C:\Users\danie\AppData\Local\Temp\cceKMYBa.s:1946   .text:00000040 led1_on
C:\Users\danie\AppData\Local\Temp\cceKMYBa.s:1981   .text:0000007c $d
C:\Users\danie\AppData\Local\Temp\cceKMYBa.s:1985   .text:00000080 $a
C:\Users\danie\AppData\Local\Temp\cceKMYBa.s:1988   .text:00000080 led1_off
C:\Users\danie\AppData\Local\Temp\cceKMYBa.s:2023   .text:000000bc $d
C:\Users\danie\AppData\Local\Temp\cceKMYBa.s:2027   .text:000000c0 $a
C:\Users\danie\AppData\Local\Temp\cceKMYBa.s:2030   .text:000000c0 led2_on
C:\Users\danie\AppData\Local\Temp\cceKMYBa.s:2065   .text:000000fc $d
C:\Users\danie\AppData\Local\Temp\cceKMYBa.s:2069   .text:00000100 $a
C:\Users\danie\AppData\Local\Temp\cceKMYBa.s:2072   .text:00000100 led2_off
C:\Users\danie\AppData\Local\Temp\cceKMYBa.s:2107   .text:0000013c $d
C:\Users\danie\AppData\Local\Temp\cceKMYBa.s:2111   .text:00000140 $a
C:\Users\danie\AppData\Local\Temp\cceKMYBa.s:2114   .text:00000140 leds_switch
C:\Users\danie\AppData\Local\Temp\cceKMYBa.s:2149   .text:0000017c $d
C:\Users\danie\AppData\Local\Temp\cceKMYBa.s:2153   .text:00000180 $a
C:\Users\danie\AppData\Local\Temp\cceKMYBa.s:2229   .text:00000230 $d
                     .debug_frame:00000010 $d

NO UNDEFINED SYMBOLS
