   1              	# 1 "../patron_volteo_arm_c.asm"
   1              	.global patron_volteo_arm_c
   0              	
   0              	
   0              	
   2              	.extern ficha_valida
   3              	
   4 0000 00000000 	posicion_valida: .space 4 @ Reservamos espacio para posicion_valida
   5              	
   6              	.equ PATRON_ENCONTRADO, 1
   7              	.equ NO_HAY_PATRON, 0
   8              	
   9              	patron_volteo_arm_c:
  10              	.arm
  11              	
  12 0004 F04F2DE9 		push {r4-r10,fp,lr}
  13              	
  14              		@ Parametros a preguntar
  15              		@ R0 = TABLERO
  16              		@ R1 = @*Longitud
  17              		@ R2 = FA
  18              		@ R3 = CA
  19              	
  20              	
  21              		@ Paso de parametros a ficha_valida (r0 - r3 los valores cambian)
  22              		@ R0 = Tablero
  23              		@ R1 = Longitud
  24              		@ R2 = CA
  25              		@ R3 = FA
  26              		@ --------------------
  27              		@ R4 = Longitud
  28              		@ R5 = DIR_POS_VAL
  29              		@ R6 = FA
  30              		@ R7 = COLOR
  31              		@ R8 = CA
  32              		@ R9 = @*Longitud
  33              		@ R10 = TABLERO
  34              	
  35 0008 0190A0E1 		mov r9, r1			@ R9 = @*Longitud
  36 000c 0040D9E5 		ldrb r4, [r9]		@ R4 = Longitud (tambien podriamos usar -> mov r4, #0 ya que la funcion
  37              							@ actualizar_tablero siempre invoca a patron_volteo con longitud = 0 y ahorrar un acceso)
  38 0010 64509FE5 		ldr r5, =posicion_valida @ DIR_POS_VAL
  39 0014 2C70DDE5 		ldrb r7, [sp, #44]	@ r7 = COLOR
  40 0018 0260A0E1 		mov r6, r2			@ r6 guarda el valor de FA actualizado
  41 001c 0380A0E1 		mov r8, r3			@ r8 guarda el valor de CA actualizado
  42 0020 00A0A0E1 		mov r10, r0			@ r10 = TABLERO
  43              	
  44              	while:					@ Lo hacemos de forma do_while
  45 0024 D412DDE1 		ldrsb r1, [sp, #36]	@ r1 = SF
  46 0028 016086E0 		add r6, r6, r1 		@ r6 = FA = FA + SF
  47 002c 0610A0E1 		mov r1, r6			@ r1 = FA, Lo pasamos a r1 porque habrá que pasárselo por parámetro.
  48              	
  49 0030 D822DDE1 		ldrsb r2, [sp, #40]	@ r2 = SC
  50 0034 028088E0 		add r8, r8, r2 		@ r8 = CA = CA + SC
  51 0038 0820A0E1 		mov r2, r8			@ r2 = CA, Lo pasamos a r1 porque habrá que pasárselo por parámetro.
  52              	
  53 003c 0530A0E1 		mov r3,r5			@ r3 = @POSICION_VALIDA, el 4º parámetro. Seguimos estandar AACPS
  54              	
  55 0040 FEFFFFEB 		bl ficha_valida		@ Tenemos los parámetros ready, ahora llamamos a la función de C
  56              	
  57              		@ R0 = CASILLA (ficha_valida ha machacado el valor de TABLERO)
  58 0044 0010D5E5 		ldrb r1,[r5]	@ r1 = POSICION_VALIDA
  59              	
  60 0048 010051E3 		cmp r1, #1		@ posicion_valida == 1
  61 004c 0600001A 		bne else
  62              	
  63 0050 070050E1 		cmp r0, r7		@ casilla != color
  64 0054 01408412 		addne r4, r4, #1	@ longitud++
  65 0058 0A00A011 		movne r0, r10 	@ hay que actualizar el valor de r0 con el de TABLERO
  66              						@ Porque r0 ha sido modificado por el return de ficha_valida
  67 005c F0FFFF1A 		bne while
  68              	
  69              	if:	@ Si ha llegado aquí es porque casilla == color y posicion_valida == 1
  70              	
  71 0060 000054E3 		cmp r4, #0		@ *longitud >0
  72 0064 0100A0C3 		movgt r0, #PATRON_ENCONTRADO
  73 0068 000000CA 		bgt fin
  74              	
  75              	else:
  76 006c 0000A0E3 		mov r0, #NO_HAY_PATRON
  77              		
  78              	fin:
  79 0070 0040C9E5 		strb r4,[r9] @ actualizamos el valor de longitud
  80              	
  81 0074 F04FBDE8 		pop {r4-r10,fp,lr}
  82 0078 1EFF2FE1 		bx lr
  82      00000000 
DEFINED SYMBOLS
../patron_volteo_arm_c.asm:9      .text:00000004 patron_volteo_arm_c
../patron_volteo_arm_c.asm:4      .text:00000000 posicion_valida
../patron_volteo_arm_c.asm:4      .text:00000000 $d
../patron_volteo_arm_c.asm:6      *ABS*:00000001 PATRON_ENCONTRADO
../patron_volteo_arm_c.asm:7      *ABS*:00000000 NO_HAY_PATRON
../patron_volteo_arm_c.asm:12     .text:00000004 $a
../patron_volteo_arm_c.asm:44     .text:00000024 while
../patron_volteo_arm_c.asm:75     .text:0000006c else
../patron_volteo_arm_c.asm:69     .text:00000060 if
../patron_volteo_arm_c.asm:78     .text:00000070 fin
../patron_volteo_arm_c.asm:82     .text:0000007c $d
                   .debug_aranges:0000000c $d

UNDEFINED SYMBOLS
ficha_valida
